c:\users\17096\documents\github\airsim\unity\airlibwrapper\x64\release\airsimwrapper.lib
c:\users\17096\documents\github\airsim\unity\airlibwrapper\x64\release\airsimwrapper.exp
c:\users\17096\documents\github\airsim\unity\airlibwrapper\airsimwrapper\x64\release\vc142.pdb
c:\users\17096\documents\github\airsim\unity\airlibwrapper\airsimwrapper\x64\release\worldsimapi.obj
c:\users\17096\documents\github\airsim\unity\airlibwrapper\airsimwrapper\x64\release\simmodeworldmultirotor.obj
c:\users\17096\documents\github\airsim\unity\airlibwrapper\airsimwrapper\x64\release\multirotorpawnsimapi.obj
c:\users\17096\documents\github\airsim\unity\airlibwrapper\airsimwrapper\x64\release\multirotorpawnevents.obj
c:\users\17096\documents\github\airsim\unity\airlibwrapper\airsimwrapper\x64\release\flyingpawn.obj
c:\users\17096\documents\github\airsim\unity\airlibwrapper\airsimwrapper\x64\release\simmodecar.obj
c:\users\17096\documents\github\airsim\unity\airlibwrapper\airsimwrapper\x64\release\carpawnsimapi.obj
c:\users\17096\documents\github\airsim\unity\airlibwrapper\airsimwrapper\x64\release\carpawnapi.obj
c:\users\17096\documents\github\airsim\unity\airlibwrapper\airsimwrapper\x64\release\carpawn.obj
c:\users\17096\documents\github\airsim\unity\airlibwrapper\airsimwrapper\x64\release\unitytoairsimcalls.obj
c:\users\17096\documents\github\airsim\unity\airlibwrapper\airsimwrapper\x64\release\unitysensorfactory.obj
c:\users\17096\documents\github\airsim\unity\airlibwrapper\airsimwrapper\x64\release\unitydistancesensor.obj
c:\users\17096\documents\github\airsim\unity\airlibwrapper\airsimwrapper\x64\release\unityimagecapture.obj
c:\users\17096\documents\github\airsim\unity\airlibwrapper\airsimwrapper\x64\release\simmodeworldbase.obj
c:\users\17096\documents\github\airsim\unity\airlibwrapper\airsimwrapper\x64\release\simmodebase.obj
c:\users\17096\documents\github\airsim\unity\airlibwrapper\airsimwrapper\x64\release\simhud.obj
c:\users\17096\documents\github\airsim\unity\airlibwrapper\airsimwrapper\x64\release\pinvokewrapper.obj
c:\users\17096\documents\github\airsim\unity\airlibwrapper\airsimwrapper\x64\release\pawnsimapi.obj
c:\users\17096\documents\github\airsim\unity\airlibwrapper\airsimwrapper\x64\release\nedtransform.obj
c:\users\17096\documents\github\airsim\unity\airlibwrapper\airsimwrapper\x64\release\logger.obj
c:\users\17096\documents\github\airsim\unity\airlibwrapper\x64\release\airsimwrapper.dll
c:\users\17096\documents\github\airsim\unity\airlibwrapper\airsimwrapper\x64\release\airsimwrapper.ipdb
c:\users\17096\documents\github\airsim\unity\airlibwrapper\airsimwrapper\x64\release\airsimwrapper.iobj
c:\users\17096\documents\github\airsim\unity\airlibwrapper\x64\release\airsimwrapper.pdb
c:\users\17096\documents\github\airsim\unity\airlibwrapper\airsimwrapper\x64\release\airsimwrapper.tlog\airsimwrapper.write.1u.tlog
c:\users\17096\documents\github\airsim\unity\airlibwrapper\airsimwrapper\x64\release\airsimwrapper.tlog\cl.command.1.tlog
c:\users\17096\documents\github\airsim\unity\airlibwrapper\airsimwrapper\x64\release\airsimwrapper.tlog\cl.read.1.tlog
c:\users\17096\documents\github\airsim\unity\airlibwrapper\airsimwrapper\x64\release\airsimwrapper.tlog\cl.write.1.tlog
c:\users\17096\documents\github\airsim\unity\airlibwrapper\airsimwrapper\x64\release\airsimwrapper.tlog\link.command.1.tlog
c:\users\17096\documents\github\airsim\unity\airlibwrapper\airsimwrapper\x64\release\airsimwrapper.tlog\link.read.1.tlog
c:\users\17096\documents\github\airsim\unity\airlibwrapper\airsimwrapper\x64\release\airsimwrapper.tlog\link.write.1.tlog
